#
# A fatal error has been detected by the Java Runtime Environment:
#
#  EXCEPTION_ACCESS_VIOLATION (0xc0000005) at pc=0x000000005c5c93e0, pid=20644, tid=0x0000000000001f24
#
# JRE version: Java(TM) SE Runtime Environment (8.0_181-b13) (build 1.8.0_181-b13)
# Java VM: Java HotSpot(TM) 64-Bit Server VM (25.181-b13 mixed mode windows-amd64 compressed oops)
# Problematic frame:
# C  [nvoglv64.dll+0xf293e0]
#
# Failed to write core dump. Minidumps are not enabled by default on client versions of Windows
#
# If you would like to submit a bug report, please visit:
#   http://bugreport.java.com/bugreport/crash.jsp
# The crash happened outside the Java Virtual Machine in native code.
# See problematic frame for where to report the bug.
#

---------------  T H R E A D  ---------------

Current thread (0x0000000002a07000):  JavaThread "main" [_thread_in_native, id=7972, stack(0x0000000002740000,0x0000000002840000)]

siginfo: ExceptionCode=0xc0000005, reading address 0x0000000000000000

Registers:
RAX=0x000000001c3a6314, RBX=0x000000000000000c, RCX=0x000000005c5c93e0, RDX=0x0000000000000000
RSP=0x000000000283f228, RBP=0x0000000000000000, RSI=0x000000001c3a6314, RDI=0x000000001bc3f080
R8 =0x000000000000000c, R9 =0x000000005b6a0000, R10=0x0000000000000000, R11=0x000000001c3a6314
R12=0x00000000ffffffff, R13=0x0000000022e85890, R14=0x0000000000000001, R15=0x0000000000000003
RIP=0x000000005c5c93e0, EFLAGS=0x0000000000010202

Top of Stack: (sp=0x000000000283f228)
0x000000000283f228:   000000005bd539a9 0000000000000000
0x000000000283f238:   0000000002b21b22 0000000000000000
0x000000000283f248:   0000000002a07000 0000000002a07000
0x000000000283f258:   000000000283f330 0000000000000000
0x000000000283f268:   0000000002b21df0 0000000000000000
0x000000000283f278:   0000000022e85890 000000000283f2f8
0x000000000283f288:   0000000000000000 0000000000000000
0x000000000283f298:   0000000022e85890 0000000000000000
0x000000000283f2a8:   0000000002a07000 0000000002b217c2
0x000000000283f2b8:   000000000283f2b8 0000000022e85890
0x000000000283f2c8:   000000000283f330 0000000022ea14f8
0x000000000283f2d8:   0000000000000000 0000000022e85890
0x000000000283f2e8:   0000000000000000 000000000283f318
0x000000000283f2f8:   000000000283f378 0000000002b083fd
0x000000000283f308:   00000000d83ac810 0000000002b17a58
0x000000000283f318:   0000000000000000 00000000d8ff8370 

Instructions: (pc=0x000000005c5c93e0)
0x000000005c5c93c0:   4c 8b 02 0f b6 4a 08 4c 89 00 88 48 08 c3 66 90
0x000000005c5c93d0:   4c 8b 02 0f b7 4a 08 4c 89 00 66 89 48 08 c3 90
0x000000005c5c93e0:   4c 8b 02 8b 4a 08 4c 89 00 89 48 08 c3 0f 1f 00
0x000000005c5c93f0:   4c 8b 02 8b 4a 08 44 0f b7 4a 0c 4c 89 00 89 48 


Register to memory mapping:

RAX=0x000000001c3a6314 is an unknown value
RBX=0x000000000000000c is an unknown value
RCX=0x000000005c5c93e0 is an unknown value
RDX=0x0000000000000000 is an unknown value
RSP=0x000000000283f228 is pointing into the stack for thread: 0x0000000002a07000
RBP=0x0000000000000000 is an unknown value
RSI=0x000000001c3a6314 is an unknown value
RDI=0x000000001bc3f080 is an unknown value
R8 =0x000000000000000c is an unknown value
R9 =0x000000005b6a0000 is an unknown value
R10=0x0000000000000000 is an unknown value
R11=0x000000001c3a6314 is an unknown value
R12=0x00000000ffffffff is an unallocated location in the heap
R13={method} {0x0000000022e85898} 'nglUniform3fv' '(IIJ)V' in 'org/lwjgl/opengl/GL20C'
R14=0x0000000000000001 is an unknown value
R15=0x0000000000000003 is an unknown value


Stack: [0x0000000002740000,0x0000000002840000],  sp=0x000000000283f228,  free space=1020k
Native frames: (J=compiled Java code, j=interpreted, Vv=VM code, C=native code)

Java frames: (J=compiled Java code, j=interpreted, Vv=VM code)
j  org.lwjgl.opengl.GL20C.nglUniform3fv(IIJ)V+0
j  org.lwjgl.opengl.GL20C.glUniform3fv(ILjava/nio/FloatBuffer;)V+11
j  org.lwjgl.opengl.GL20.glUniform3fv(ILjava/nio/FloatBuffer;)V+2
j  ru.minebot.lwjgltest.render.Shader.setUniform(Ljava/lang/String;Ljava/lang/Object;)V+360
j  ru.minebot.lwjgltest.render.Material.bindData(Ljava/util/HashMap;)V+43
j  ru.minebot.lwjgltest.render.Material.bindAll(Ljava/util/HashMap;)V+16
j  ru.minebot.lwjgltest.objects.StandartMeshObject.renderTick()V+196
j  ru.minebot.lwjgltest.Scene.renderTick()V+248
j  ru.minebot.lwjgltest.Scene.start()V+36
j  ru.minebot.lwjgltest.Main.main([Ljava/lang/String;)V+87
v  ~StubRoutines::call_stub

---------------  P R O C E S S  ---------------

Java Threads: ( => current thread )
  0x000000001940a800 JavaThread "Service Thread" daemon [_thread_blocked, id=31248, stack(0x0000000019f10000,0x000000001a010000)]
  0x00000000193e9800 JavaThread "C1 CompilerThread2" daemon [_thread_blocked, id=13580, stack(0x0000000019610000,0x0000000019710000)]
  0x0000000019399000 JavaThread "C2 CompilerThread1" daemon [_thread_blocked, id=22784, stack(0x0000000019510000,0x0000000019610000)]
  0x0000000019378800 JavaThread "C2 CompilerThread0" daemon [_thread_blocked, id=31472, stack(0x0000000019410000,0x0000000019510000)]
  0x00000000176da000 JavaThread "JDWP Command Reader" daemon [_thread_in_native, id=2172, stack(0x0000000018f10000,0x0000000019010000)]
  0x00000000176d6800 JavaThread "JDWP Event Helper Thread" daemon [_thread_blocked, id=27368, stack(0x0000000018e10000,0x0000000018f10000)]
  0x00000000176c7000 JavaThread "JDWP Transport Listener: dt_socket" daemon [_thread_blocked, id=31988, stack(0x0000000018d10000,0x0000000018e10000)]
  0x00000000176bf800 JavaThread "Attach Listener" daemon [_thread_blocked, id=8804, stack(0x0000000018c10000,0x0000000018d10000)]
  0x00000000176be000 JavaThread "Signal Dispatcher" daemon [_thread_blocked, id=23920, stack(0x0000000018b10000,0x0000000018c10000)]
  0x000000001769a800 JavaThread "Finalizer" daemon [_thread_blocked, id=28280, stack(0x0000000018900000,0x0000000018a00000)]
  0x0000000002af9000 JavaThread "Reference Handler" daemon [_thread_blocked, id=24792, stack(0x0000000018800000,0x0000000018900000)]
=>0x0000000002a07000 JavaThread "main" [_thread_in_native, id=7972, stack(0x0000000002740000,0x0000000002840000)]

Other Threads:
  0x0000000017678800 VMThread [stack: 0x0000000018700000,0x0000000018800000] [id=24604]
  0x000000001974b800 WatcherThread [stack: 0x000000001a010000,0x000000001a110000] [id=27824]

VM state:not at safepoint (normal execution)

VM Mutex/Monitor currently owned by a thread: None

Heap:
 PSYoungGen      total 269312K, used 66576K [0x00000000d5980000, 0x00000000e6a80000, 0x0000000100000000)
  eden space 263680K, 23% used [0x00000000d5980000,0x00000000d9507630,0x00000000e5b00000)
  from space 5632K, 99% used [0x00000000e6200000,0x00000000e677ccb8,0x00000000e6780000)
  to   space 7168K, 0% used [0x00000000e5b00000,0x00000000e5b00000,0x00000000e6200000)
 ParOldGen       total 87552K, used 4419K [0x0000000080c00000, 0x0000000086180000, 0x00000000d5980000)
  object space 87552K, 5% used [0x0000000080c00000,0x0000000081050e48,0x0000000086180000)
 Metaspace       used 10653K, capacity 10847K, committed 11008K, reserved 1058816K
  class space    used 871K, capacity 947K, committed 1024K, reserved 1048576K

Card table byte_map: [0x0000000011ec0000,0x00000000122c0000] byte_map_base: 0x0000000011aba000

Marking Bits: (ParMarkBitMap*) 0x000000005eb02d00
 Begin Bits: [0x0000000012970000, 0x0000000014940000)
 End Bits:   [0x0000000014940000, 0x0000000016910000)

Polling page: 0x0000000002670000

CodeCache: size=245760Kb used=4424Kb max_used=4432Kb free=241335Kb
 bounds [0x0000000002b00000, 0x0000000002f60000, 0x0000000011b00000]
 total_blobs=1892 nmethods=973 adapters=840
 compilation: enabled

Compilation events (10 events):
Event: 3.485 Thread 0x0000000019378800  972   !   4       java.util.zip.Inflater::setInput (74 bytes)
Event: 3.487 Thread 0x0000000019378800 nmethod 972 0x0000000002f4f010 code [0x0000000002f4f160, 0x0000000002f4f458]
Event: 3.596 Thread 0x0000000019399000  973       4       de.matthiasmann.twl.utils.PNGDecoder::readChunk (42 bytes)
Event: 3.598 Thread 0x0000000019399000 nmethod 973 0x0000000002f50a10 code [0x0000000002f50b80, 0x0000000002f50ea8]
Event: 3.720 Thread 0x0000000019378800  974       4       de.matthiasmann.twl.utils.PNGDecoder::readInt (43 bytes)
Event: 3.721 Thread 0x0000000019378800 nmethod 974 0x0000000002f4ec50 code [0x0000000002f4eda0, 0x0000000002f4eeb8]
Event: 4.852 Thread 0x0000000019399000  975       4       sun.net.www.ParseUtil::encodePath (336 bytes)
Event: 4.863 Thread 0x0000000019378800  976       4       jdk.internal.org.objectweb.asm.Item::set (143 bytes)
Event: 4.868 Thread 0x0000000019399000 nmethod 975 0x0000000002f56590 code [0x0000000002f56740, 0x0000000002f57498]
Event: 4.877 Thread 0x0000000019378800 nmethod 976 0x0000000002f54f50 code [0x0000000002f55200, 0x0000000002f55d98]

GC Heap History (10 events):
Event: 2.146 GC heap before
{Heap before GC invocations=4 (full 0):
 PSYoungGen      total 38400K, used 36068K [0x00000000d5980000, 0x00000000da480000, 0x0000000100000000)
  eden space 33280K, 100% used [0x00000000d5980000,0x00000000d7a00000,0x00000000d7a00000)
  from space 5120K, 54% used [0x00000000d7a00000,0x00000000d7cb9040,0x00000000d7f00000)
  to   space 5120K, 0% used [0x00000000d9f80000,0x00000000d9f80000,0x00000000da480000)
 ParOldGen       total 87552K, used 24K [0x0000000080c00000, 0x0000000086180000, 0x00000000d5980000)
  object space 87552K, 0% used [0x0000000080c00000,0x0000000080c06000,0x0000000086180000)
 Metaspace       used 10067K, capacity 10223K, committed 10496K, reserved 1058816K
  class space    used 832K, capacity 909K, committed 1024K, reserved 1048576K
Event: 2.148 GC heap after
Heap after GC invocations=4 (full 0):
 PSYoungGen      total 71680K, used 3099K [0x00000000d5980000, 0x00000000da480000, 0x0000000100000000)
  eden space 66560K, 0% used [0x00000000d5980000,0x00000000d5980000,0x00000000d9a80000)
  from space 5120K, 60% used [0x00000000d9f80000,0x00000000da286e18,0x00000000da480000)
  to   space 5120K, 0% used [0x00000000d9a80000,0x00000000d9a80000,0x00000000d9f80000)
 ParOldGen       total 87552K, used 32K [0x0000000080c00000, 0x0000000086180000, 0x00000000d5980000)
  object space 87552K, 0% used [0x0000000080c00000,0x0000000080c08000,0x0000000086180000)
 Metaspace       used 10067K, capacity 10223K, committed 10496K, reserved 1058816K
  class space    used 832K, capacity 909K, committed 1024K, reserved 1048576K
}
Event: 2.214 GC heap before
{Heap before GC invocations=5 (full 0):
 PSYoungGen      total 71680K, used 69659K [0x00000000d5980000, 0x00000000da480000, 0x0000000100000000)
  eden space 66560K, 100% used [0x00000000d5980000,0x00000000d9a80000,0x00000000d9a80000)
  from space 5120K, 60% used [0x00000000d9f80000,0x00000000da286e18,0x00000000da480000)
  to   space 5120K, 0% used [0x00000000d9a80000,0x00000000d9a80000,0x00000000d9f80000)
 ParOldGen       total 87552K, used 32K [0x0000000080c00000, 0x0000000086180000, 0x00000000d5980000)
  object space 87552K, 0% used [0x0000000080c00000,0x0000000080c08000,0x0000000086180000)
 Metaspace       used 10069K, capacity 10223K, committed 10496K, reserved 1058816K
  class space    used 832K, capacity 909K, committed 1024K, reserved 1048576K
Event: 2.218 GC heap after
Heap after GC invocations=5 (full 0):
 PSYoungGen      total 71680K, used 3954K [0x00000000d5980000, 0x00000000de580000, 0x0000000100000000)
  eden space 66560K, 0% used [0x00000000d5980000,0x00000000d5980000,0x00000000d9a80000)
  from space 5120K, 77% used [0x00000000d9a80000,0x00000000d9e5ca48,0x00000000d9f80000)
  to   space 5120K, 0% used [0x00000000de080000,0x00000000de080000,0x00000000de580000)
 ParOldGen       total 87552K, used 40K [0x0000000080c00000, 0x0000000086180000, 0x00000000d5980000)
  object space 87552K, 0% used [0x0000000080c00000,0x0000000080c0a000,0x0000000086180000)
 Metaspace       used 10069K, capacity 10223K, committed 10496K, reserved 1058816K
  class space    used 832K, capacity 909K, committed 1024K, reserved 1048576K
}
Event: 2.251 GC heap before
{Heap before GC invocations=6 (full 0):
 PSYoungGen      total 71680K, used 70514K [0x00000000d5980000, 0x00000000de580000, 0x0000000100000000)
  eden space 66560K, 100% used [0x00000000d5980000,0x00000000d9a80000,0x00000000d9a80000)
  from space 5120K, 77% used [0x00000000d9a80000,0x00000000d9e5ca48,0x00000000d9f80000)
  to   space 5120K, 0% used [0x00000000de080000,0x00000000de080000,0x00000000de580000)
 ParOldGen       total 87552K, used 40K [0x0000000080c00000, 0x0000000086180000, 0x00000000d5980000)
  object space 87552K, 0% used [0x0000000080c00000,0x0000000080c0a000,0x0000000086180000)
 Metaspace       used 10078K, capacity 10223K, committed 10496K, reserved 1058816K
  class space    used 832K, capacity 909K, committed 1024K, reserved 1048576K
Event: 2.255 GC heap after
Heap after GC invocations=6 (full 0):
 PSYoungGen      total 137728K, used 4674K [0x00000000d5980000, 0x00000000de680000, 0x0000000100000000)
  eden space 132608K, 0% used [0x00000000d5980000,0x00000000d5980000,0x00000000ddb00000)
  from space 5120K, 91% used [0x00000000de080000,0x00000000de510ae0,0x00000000de580000)
  to   space 5632K, 0% used [0x00000000ddb00000,0x00000000ddb00000,0x00000000de080000)
 ParOldGen       total 87552K, used 40K [0x0000000080c00000, 0x0000000086180000, 0x00000000d5980000)
  object space 87552K, 0% used [0x0000000080c00000,0x0000000080c0a000,0x0000000086180000)
 Metaspace       used 10078K, capacity 10223K, committed 10496K, reserved 1058816K
  class space    used 832K, capacity 909K, committed 1024K, reserved 1048576K
}
Event: 2.353 GC heap before
{Heap before GC invocations=7 (full 0):
 PSYoungGen      total 137728K, used 137282K [0x00000000d5980000, 0x00000000de680000, 0x0000000100000000)
  eden space 132608K, 100% used [0x00000000d5980000,0x00000000ddb00000,0x00000000ddb00000)
  from space 5120K, 91% used [0x00000000de080000,0x00000000de510ae0,0x00000000de580000)
  to   space 5632K, 0% used [0x00000000ddb00000,0x00000000ddb00000,0x00000000de080000)
 ParOldGen       total 87552K, used 40K [0x0000000080c00000, 0x0000000086180000, 0x00000000d5980000)
  object space 87552K, 0% used [0x0000000080c00000,0x0000000080c0a000,0x0000000086180000)
 Metaspace       used 10082K, capacity 10223K, committed 10496K, reserved 1058816K
  class space    used 832K, capacity 909K, committed 1024K, reserved 1048576K
Event: 2.360 GC heap after
Heap after GC invocations=7 (full 0):
 PSYoungGen      total 138240K, used 4673K [0x00000000d5980000, 0x00000000e6780000, 0x0000000100000000)
  eden space 132608K, 0% used [0x00000000d5980000,0x00000000d5980000,0x00000000ddb00000)
  from space 5632K, 82% used [0x00000000ddb00000,0x00000000ddf904f0,0x00000000de080000)
  to   space 5632K, 0% used [0x00000000e6200000,0x00000000e6200000,0x00000000e6780000)
 ParOldGen       total 87552K, used 2456K [0x0000000080c00000, 0x0000000086180000, 0x00000000d5980000)
  object space 87552K, 2% used [0x0000000080c00000,0x0000000080e66030,0x0000000086180000)
 Metaspace       used 10082K, capacity 10223K, committed 10496K, reserved 1058816K
  class space    used 832K, capacity 909K, committed 1024K, reserved 1048576K
}
Event: 2.440 GC heap before
{Heap before GC invocations=8 (full 0):
 PSYoungGen      total 138240K, used 137281K [0x00000000d5980000, 0x00000000e6780000, 0x0000000100000000)
  eden space 132608K, 100% used [0x00000000d5980000,0x00000000ddb00000,0x00000000ddb00000)
  from space 5632K, 82% used [0x00000000ddb00000,0x00000000ddf904f0,0x00000000de080000)
  to   space 5632K, 0% used [0x00000000e6200000,0x00000000e6200000,0x00000000e6780000)
 ParOldGen       total 87552K, used 2456K [0x0000000080c00000, 0x0000000086180000, 0x00000000d5980000)
  object space 87552K, 2% used [0x0000000080c00000,0x0000000080e66030,0x0000000086180000)
 Metaspace       used 10082K, capacity 10223K, committed 10496K, reserved 1058816K
  class space    used 832K, capacity 909K, committed 1024K, reserved 1048576K
Event: 2.450 GC heap after
Heap after GC invocations=8 (full 0):
 PSYoungGen      total 269312K, used 5619K [0x00000000d5980000, 0x00000000e6a80000, 0x0000000100000000)
  eden space 263680K, 0% used [0x00000000d5980000,0x00000000d5980000,0x00000000e5b00000)
  from space 5632K, 99% used [0x00000000e6200000,0x00000000e677ccb8,0x00000000e6780000)
  to   space 7168K, 0% used [0x00000000e5b00000,0x00000000e5b00000,0x00000000e6200000)
 ParOldGen       total 87552K, used 4419K [0x0000000080c00000, 0x0000000086180000, 0x00000000d5980000)
  object space 87552K, 5% used [0x0000000080c00000,0x0000000081050e48,0x0000000086180000)
 Metaspace       used 10082K, capacity 10223K, committed 10496K, reserved 1058816K
  class space    used 832K, capacity 909K, committed 1024K, reserved 1048576K
}

Deoptimization events (10 events):
Event: 2.116 Thread 0x0000000002a07000 Uncommon trap: reason=class_check action=maybe_recompile pc=0x0000000002e623c4 method=sun.misc.FloatingDecimal.parseFloat(Ljava/lang/String;)F @ 4
Event: 2.124 Thread 0x0000000002a07000 Uncommon trap: reason=class_check action=maybe_recompile pc=0x0000000002e623c4 method=sun.misc.FloatingDecimal.parseFloat(Ljava/lang/String;)F @ 4
Event: 2.236 Thread 0x0000000002a07000 Uncommon trap: reason=unstable_if action=reinterpret pc=0x0000000002e5ac40 method=sun.misc.FloatingDecimal$ASCIIToBinaryBuffer.floatValue()F @ 70
Event: 2.469 Thread 0x0000000002a07000 Uncommon trap: reason=unstable_if action=reinterpret pc=0x0000000002eb1b48 method=java.util.Scanner.findPatternInBuffer(Ljava/util/regex/Pattern;I)Ljava/lang/String; @ 152
Event: 2.469 Thread 0x0000000002a07000 Uncommon trap: reason=unstable_if action=reinterpret pc=0x0000000002ebb8cc method=java.util.Scanner.hasNextLine()Z @ 14
Event: 2.486 Thread 0x0000000002a07000 Uncommon trap: reason=unstable_if action=reinterpret pc=0x0000000002e2af74 method=java.util.regex.Pattern$Dot.isSatisfiedBy(I)Z @ 9
Event: 2.486 Thread 0x0000000002a07000 Uncommon trap: reason=unstable_if action=reinterpret pc=0x0000000002e94858 method=java.util.regex.Pattern$Slice.match(Ljava/util/regex/Matcher;ILjava/lang/CharSequence;)Z @ 54
Event: 2.486 Thread 0x0000000002a07000 Uncommon trap: reason=unstable_if action=reinterpret pc=0x0000000002e9fdac method=sun.misc.FloatingDecimal.readJavaFormatString(Ljava/lang/String;)Lsun/misc/FloatingDecimal$ASCIIToBinaryConverter; @ 445
Event: 2.486 Thread 0x0000000002a07000 Uncommon trap: reason=unstable_if action=reinterpret pc=0x0000000002e2713c method=java.util.regex.Pattern$Dot.isSatisfiedBy(I)Z @ 9
Event: 2.486 Thread 0x0000000002a07000 Uncommon trap: reason=unstable_if action=reinterpret pc=0x0000000002eac0c4 method=java.util.Scanner.findPatternInBuffer(Ljava/util/regex/Pattern;I)Ljava/lang/String; @ 88

Classes redefined (0 events):
No events

Internal exceptions (10 events):
Event: 0.744 Thread 0x0000000002a07000 Exception <a 'sun/nio/fs/WindowsException'> (0x00000000d651e2c8) thrown at [C:\re\workspace\8-2-build-windows-amd64-cygwin\jdk8u181\11358\hotspot\src\share\vm\prims\jni.cpp, line 709]
Event: 0.786 Thread 0x0000000002a07000 Exception <a 'sun/nio/fs/WindowsException'> (0x00000000d66a4588) thrown at [C:\re\workspace\8-2-build-windows-amd64-cygwin\jdk8u181\11358\hotspot\src\share\vm\prims\jni.cpp, line 709]
Event: 0.786 Thread 0x0000000002a07000 Exception <a 'sun/nio/fs/WindowsException'> (0x00000000d66a4cb8) thrown at [C:\re\workspace\8-2-build-windows-amd64-cygwin\jdk8u181\11358\hotspot\src\share\vm\prims\jni.cpp, line 709]
Event: 0.811 Thread 0x0000000002a07000 Exception <a 'sun/nio/fs/WindowsException'> (0x00000000d678a108) thrown at [C:\re\workspace\8-2-build-windows-amd64-cygwin\jdk8u181\11358\hotspot\src\share\vm\prims\jni.cpp, line 709]
Event: 0.811 Thread 0x0000000002a07000 Exception <a 'sun/nio/fs/WindowsException'> (0x00000000d678a7e8) thrown at [C:\re\workspace\8-2-build-windows-amd64-cygwin\jdk8u181\11358\hotspot\src\share\vm\prims\jni.cpp, line 709]
Event: 1.406 Thread 0x0000000002a07000 Exception <a 'sun/nio/fs/WindowsException'> (0x00000000d68379b0) thrown at [C:\re\workspace\8-2-build-windows-amd64-cygwin\jdk8u181\11358\hotspot\src\share\vm\prims\jni.cpp, line 709]
Event: 1.406 Thread 0x0000000002a07000 Exception <a 'sun/nio/fs/WindowsException'> (0x00000000d68380f0) thrown at [C:\re\workspace\8-2-build-windows-amd64-cygwin\jdk8u181\11358\hotspot\src\share\vm\prims\jni.cpp, line 709]
Event: 1.409 Thread 0x0000000002a07000 Exception <a 'sun/nio/fs/WindowsException'> (0x00000000d684a060) thrown at [C:\re\workspace\8-2-build-windows-amd64-cygwin\jdk8u181\11358\hotspot\src\share\vm\prims\jni.cpp, line 709]
Event: 1.409 Thread 0x0000000002a07000 Exception <a 'sun/nio/fs/WindowsException'> (0x00000000d684a658) thrown at [C:\re\workspace\8-2-build-windows-amd64-cygwin\jdk8u181\11358\hotspot\src\share\vm\prims\jni.cpp, line 709]
Event: 1.958 Thread 0x0000000002a07000 Exception <a 'java/lang/NullPointerException'> (0x00000000d766bd48) thrown at [C:\re\workspace\8-2-build-windows-amd64-cygwin\jdk8u181\11358\hotspot\src\share\vm\prims\jni.cpp, line 735]

Events (10 events):
Event: 4.869 Executing VM operation: RevokeBias
Event: 4.870 Executing VM operation: RevokeBias done
Event: 4.870 Thread 0x0000000002a07000 DEOPT PACKING pc=0x0000000002c5659c sp=0x000000000283e0a0
Event: 4.870 Thread 0x0000000002a07000 DEOPT UNPACKING pc=0x0000000002b47890 sp=0x000000000283dec0 mode 1
Event: 4.870 Executing VM operation: RevokeBias
Event: 4.870 Executing VM operation: RevokeBias done
Event: 4.870 Thread 0x0000000002a07000 DEOPT PACKING pc=0x0000000002c56334 sp=0x000000000283e230
Event: 4.870 Thread 0x0000000002a07000 DEOPT UNPACKING pc=0x0000000002b47890 sp=0x000000000283e050 mode 1
Event: 4.870 loading class java/nio/HeapFloatBuffer
Event: 4.871 loading class java/nio/HeapFloatBuffer done


Dynamic libraries:
0x00007ff779da0000 - 0x00007ff779dd7000 	C:\Program Files\Java\jdk1.8.0_181\bin\java.exe
0x00007ff8505c0000 - 0x00007ff8507b0000 	C:\WINDOWS\SYSTEM32\ntdll.dll
0x00007ff84ec20000 - 0x00007ff84ecd2000 	C:\WINDOWS\System32\KERNEL32.DLL
0x00007ff84d820000 - 0x00007ff84dac3000 	C:\WINDOWS\System32\KERNELBASE.dll
0x00007ff84f640000 - 0x00007ff84f6e3000 	C:\WINDOWS\System32\ADVAPI32.dll
0x00007ff84eb80000 - 0x00007ff84ec1e000 	C:\WINDOWS\System32\msvcrt.dll
0x00007ff84eae0000 - 0x00007ff84eb77000 	C:\WINDOWS\System32\sechost.dll
0x00007ff850000000 - 0x00007ff850120000 	C:\WINDOWS\System32\RPCRT4.dll
0x00007ff84f760000 - 0x00007ff84f8f4000 	C:\WINDOWS\System32\USER32.dll
0x00007ff84d7a0000 - 0x00007ff84d7c1000 	C:\WINDOWS\System32\win32u.dll
0x00007ff850390000 - 0x00007ff8503b6000 	C:\WINDOWS\System32\GDI32.dll
0x00007ff84d600000 - 0x00007ff84d794000 	C:\WINDOWS\System32\gdi32full.dll
0x00007ff84e270000 - 0x00007ff84e30e000 	C:\WINDOWS\System32\msvcp_win.dll
0x00007ff84e310000 - 0x00007ff84e40a000 	C:\WINDOWS\System32\ucrtbase.dll
0x00007ff841b80000 - 0x00007ff841e05000 	C:\WINDOWS\WinSxS\amd64_microsoft.windows.common-controls_6595b64144ccf1df_6.0.18362.535_none_e6c3b34713100821\COMCTL32.dll
0x00007ff84f0c0000 - 0x00007ff84f3f6000 	C:\WINDOWS\System32\combase.dll
0x00007ff84e410000 - 0x00007ff84e490000 	C:\WINDOWS\System32\bcryptPrimitives.dll
0x00007ff850470000 - 0x00007ff85049e000 	C:\WINDOWS\System32\IMM32.DLL
0x000000005ddd0000 - 0x000000005dea2000 	C:\Program Files\Java\jdk1.8.0_181\jre\bin\msvcr100.dll
0x000000005e2e0000 - 0x000000005eb82000 	C:\Program Files\Java\jdk1.8.0_181\jre\bin\server\jvm.dll
0x00007ff850550000 - 0x00007ff850558000 	C:\WINDOWS\System32\PSAPI.DLL
0x00007ff84b610000 - 0x00007ff84b619000 	C:\WINDOWS\SYSTEM32\WSOCK32.dll
0x00007ff84f6f0000 - 0x00007ff84f75f000 	C:\WINDOWS\System32\WS2_32.dll
0x00007ff84b500000 - 0x00007ff84b524000 	C:\WINDOWS\SYSTEM32\WINMM.dll
0x00007ff848120000 - 0x00007ff84812a000 	C:\WINDOWS\SYSTEM32\VERSION.dll
0x00007ff84b3d0000 - 0x00007ff84b3fd000 	C:\WINDOWS\SYSTEM32\WINMMBASE.dll
0x00007ff84d7d0000 - 0x00007ff84d81a000 	C:\WINDOWS\System32\cfgmgr32.dll
0x000000005e1f0000 - 0x000000005e1ff000 	C:\Program Files\Java\jdk1.8.0_181\jre\bin\verify.dll
0x000000005e1c0000 - 0x000000005e1e9000 	C:\Program Files\Java\jdk1.8.0_181\jre\bin\java.dll
0x000000005dd30000 - 0x000000005dd65000 	C:\Program Files\Java\jdk1.8.0_181\jre\bin\jdwp.dll
0x000000005dd20000 - 0x000000005dd28000 	C:\Program Files\Java\jdk1.8.0_181\jre\bin\npt.dll
0x000000005dcf0000 - 0x000000005dd13000 	C:\Program Files\Java\jdk1.8.0_181\jre\bin\instrument.dll
0x000000005e1a0000 - 0x000000005e1b6000 	C:\Program Files\Java\jdk1.8.0_181\jre\bin\zip.dll
0x00007ff84f900000 - 0x00007ff84ffe5000 	C:\WINDOWS\System32\SHELL32.dll
0x00007ff8503c0000 - 0x00007ff850469000 	C:\WINDOWS\System32\shcore.dll
0x00007ff84daf0000 - 0x00007ff84e26f000 	C:\WINDOWS\System32\windows.storage.dll
0x00007ff84d530000 - 0x00007ff84d54f000 	C:\WINDOWS\System32\profapi.dll
0x00007ff84d4e0000 - 0x00007ff84d52a000 	C:\WINDOWS\System32\powrprof.dll
0x00007ff84d490000 - 0x00007ff84d4a0000 	C:\WINDOWS\System32\UMPDC.dll
0x00007ff84ece0000 - 0x00007ff84ed32000 	C:\WINDOWS\System32\shlwapi.dll
0x00007ff84d4a0000 - 0x00007ff84d4b1000 	C:\WINDOWS\System32\kernel.appcore.dll
0x00007ff84dad0000 - 0x00007ff84dae7000 	C:\WINDOWS\System32\cryptsp.dll
0x000000005dce0000 - 0x000000005dce9000 	C:\Program Files\Java\jdk1.8.0_181\jre\bin\dt_socket.dll
0x00007ff84cd00000 - 0x00007ff84cd67000 	C:\WINDOWS\system32\mswsock.dll
0x000000005e150000 - 0x000000005e16a000 	C:\Program Files\Java\jdk1.8.0_181\jre\bin\net.dll
0x000000005e130000 - 0x000000005e141000 	C:\Program Files\Java\jdk1.8.0_181\jre\bin\nio.dll
0x00007ff8274e0000 - 0x00007ff827544000 	C:\Users\serpi\AppData\Local\Temp\lwjglserpi\3.2.3-build-13\lwjgl.dll
0x00007fffefb70000 - 0x00007fffefdc3000 	C:\Users\serpi\AppData\Local\Temp\lwjglserpi\3.2.3-build-13\jemalloc.dll
0x00007ff8135a0000 - 0x00007ff813602000 	C:\Users\serpi\AppData\Local\Temp\lwjglserpi\3.2.3-build-13\glfw.dll
0x00007ff84b460000 - 0x00007ff84b4f9000 	C:\WINDOWS\system32\uxtheme.dll
0x00007ff830d80000 - 0x00007ff830dc3000 	C:\WINDOWS\SYSTEM32\dinput8.dll
0x00007ff841e20000 - 0x00007ff841e31000 	C:\WINDOWS\SYSTEM32\xinput1_4.dll
0x00007ff84d290000 - 0x00007ff84d2ba000 	C:\WINDOWS\SYSTEM32\DEVOBJ.dll
0x00007ff84bd40000 - 0x00007ff84bd6d000 	C:\WINDOWS\SYSTEM32\dwmapi.dll
0x00007ff843040000 - 0x00007ff84315a000 	C:\WINDOWS\SYSTEM32\inputhost.dll
0x00007ff84af80000 - 0x00007ff84b054000 	C:\WINDOWS\SYSTEM32\CoreMessaging.dll
0x00007ff848ac0000 - 0x00007ff848dea000 	C:\WINDOWS\SYSTEM32\CoreUIComponents.dll
0x00007ff849d10000 - 0x00007ff849dff000 	C:\WINDOWS\SYSTEM32\PROPSYS.dll
0x00007ff84f560000 - 0x00007ff84f624000 	C:\WINDOWS\System32\OLEAUT32.dll
0x00007ff848760000 - 0x00007ff8488b3000 	C:\WINDOWS\SYSTEM32\wintypes.dll
0x00007ff84c4f0000 - 0x00007ff84c521000 	C:\WINDOWS\SYSTEM32\ntmarta.dll
0x00007ff850250000 - 0x00007ff850385000 	C:\WINDOWS\System32\MSCTF.dll
0x00007ff84c0a0000 - 0x00007ff84c0ae000 	C:\WINDOWS\SYSTEM32\HID.DLL
0x00007ff84e670000 - 0x00007ff84eae0000 	C:\WINDOWS\System32\SETUPAPI.DLL
0x00007ff84e640000 - 0x00007ff84e666000 	C:\WINDOWS\System32\bcrypt.dll
0x00007ff84e5e0000 - 0x00007ff84e63c000 	C:\WINDOWS\System32\WINTRUST.dll
0x00007ff84d4c0000 - 0x00007ff84d4d2000 	C:\WINDOWS\System32\MSASN1.dll
0x00007ff84e490000 - 0x00007ff84e5d9000 	C:\WINDOWS\System32\CRYPT32.dll
0x00007ffff3e40000 - 0x00007ffff3f96000 	C:\WINDOWS\SYSTEM32\opengl32.dll
0x00007ff845150000 - 0x00007ff84517c000 	C:\WINDOWS\SYSTEM32\GLU32.dll
0x00007ff84c100000 - 0x00007ff84c120000 	C:\WINDOWS\SYSTEM32\dxcore.dll
0x000000005b6a0000 - 0x000000005dcd9000 	C:\WINDOWS\System32\DriverStore\FileRepository\nv_dispi.inf_amd64_827405c7c65146ab\nvoglv64.dll
0x00007ff84f400000 - 0x00007ff84f556000 	C:\WINDOWS\System32\ole32.dll
0x00007ff849fa0000 - 0x00007ff849fb3000 	C:\WINDOWS\SYSTEM32\WTSAPI32.dll
0x00007ff81ed60000 - 0x00007ff81f022000 	C:\WINDOWS\system32\nvspcap64.dll
0x00007ff84c980000 - 0x00007ff84c9dc000 	C:\WINDOWS\SYSTEM32\WINSTA.dll
0x00007ff8452d0000 - 0x00007ff84536e000 	C:\WINDOWS\System32\TextInputFramework.dll
0x00007ff842290000 - 0x00007ff842536000 	C:\WINDOWS\System32\iertutil.dll
0x00007ff82c370000 - 0x00007ff82c3c9000 	C:\Users\serpi\AppData\Local\Temp\lwjglserpi\3.2.3-build-13\lwjgl_opengl.dll
0x00007ff8330a0000 - 0x00007ff833294000 	C:\WINDOWS\SYSTEM32\dbghelp.dll

VM Arguments:
jvm_args: -agentlib:jdwp=transport=dt_socket,address=127.0.0.1:54735,suspend=y,server=n -javaagent:C:\Users\serpi\AppData\Local\JetBrains\Toolbox\apps\IDEA-U\ch-0\192.6817.14\plugins\java\lib\rt\debugger-agent.jar -Dfile.encoding=UTF-8 
java_command: ru.minebot.lwjgltest.Main
java_class_path (initial): C:\Program Files\Java\jdk1.8.0_181\jre\lib\charsets.jar;C:\Program Files\Java\jdk1.8.0_181\jre\lib\deploy.jar;C:\Program Files\Java\jdk1.8.0_181\jre\lib\ext\access-bridge-64.jar;C:\Program Files\Java\jdk1.8.0_181\jre\lib\ext\cldrdata.jar;C:\Program Files\Java\jdk1.8.0_181\jre\lib\ext\dnsns.jar;C:\Program Files\Java\jdk1.8.0_181\jre\lib\ext\jaccess.jar;C:\Program Files\Java\jdk1.8.0_181\jre\lib\ext\jfxrt.jar;C:\Program Files\Java\jdk1.8.0_181\jre\lib\ext\localedata.jar;C:\Program Files\Java\jdk1.8.0_181\jre\lib\ext\nashorn.jar;C:\Program Files\Java\jdk1.8.0_181\jre\lib\ext\sunec.jar;C:\Program Files\Java\jdk1.8.0_181\jre\lib\ext\sunjce_provider.jar;C:\Program Files\Java\jdk1.8.0_181\jre\lib\ext\sunmscapi.jar;C:\Program Files\Java\jdk1.8.0_181\jre\lib\ext\sunpkcs11.jar;C:\Program Files\Java\jdk1.8.0_181\jre\lib\ext\zipfs.jar;C:\Program Files\Java\jdk1.8.0_181\jre\lib\javaws.jar;C:\Program Files\Java\jdk1.8.0_181\jre\lib\jce.jar;C:\Program Files\Java\jdk1.8.0_181\jre\lib\jfr.jar;C:\Program Files\Java\jdk1.8.0_181\jre\lib\jfxswt.jar;C:\Program Files\Java\jdk1.8.0_181\jre\lib\jsse.jar;C:\Program Files\Java\jdk1.8.0_181\jre\lib\management-agent.jar;C:\Program Files\Java\jdk1.8.0_181\jre\lib\plugin.jar;C:\Program Files\Java\jdk1.8.0_181\jre\lib\resources.jar;C:\Program Files\Java\jdk1.8.0_181\jre\lib\rt.jar;C:\Users\serpi\Documents\Java Projects\LWJGLTest\target\classes;C:\Users\serpi\.m2\repository\junit\junit\4.12\junit-4.12.jar;C:\Users\serpi\.m2\repository\org\hamcrest\hamcrest-core\1.3\hamcrest-core-1.3.jar;C:\Users\serpi\.m2\repository\org\l33tlabs\twl\pngdecoder\1.0\pngdecoder-1.0.jar;C:\Users\serpi\.m2\repository\com\hackoeur\jglm\1.0.0\jglm-1.0.0.jar;C:\Users\serpi\.m2\repository\org\lwjgl\lwjgl\3.2.3\lwjgl-3.2.3.jar;C:\Users\serpi\.m2\repository\org\lwjgl\lwjgl-assimp\3.2.3\lwjgl-assimp-3.2.3.jar;C:\Users\serpi\.m2\repository\org\lwjgl\lwjgl-bgfx\3.2.3\lwjgl-bgfx-3.2.3.jar;C:\Users\serpi\.m2\repository\org\lwjgl\lwjgl-cuda\3.2.3\lwjgl
Launcher Type: SUN_STANDARD

Environment Variables:
JAVA_HOME=C:\Program Files\Java\jdk1.8.0_181
PATH=C:\Program Files\NVIDIA GPU Computing Toolkit\CUDA\v10.0\bin;C:\Program Files\NVIDIA GPU Computing Toolkit\CUDA\v10.0\libnvvp;C:\Program Files (x86)\Common Files\Oracle\Java\javapath;C:\Windows\system32;C:\Windows;C:\Windows\System32\Wbem;C:\Windows\System32\WindowsPowerShell\v1.0\;C:\Windows\System32\OpenSSH\;C:\Program Files\dotnet\;C:\Program Files\Microsoft SQL Server\130\Tools\Binn\;C:\Program Files\Git\cmd;C:\Program Files (x86)\NVIDIA Corporation\PhysX\Common;C:\Program Files\NVIDIA Corporation\NVIDIA NvDLISR;C:\Windows\System32\cmd.exe;C:\Program Files\PuTTY\;C:\Program Files (x86)\Maven\bin;C:\Program Files (x86)\Microsoft Visual Studio 14.0\Common7\Tools;C:\Program Files\CMake\bin;C:\msys64\mingw64\bin;C:\Program Files (x86)\Windows Kits\10\Windows Performance Toolkit\;C:\Program Files\NVIDIA GPU Computing Toolkit\CUDA\v8.0;C:\Program Files\NVIDIA GPU Computing Toolkit\CUDA\v8.0\bin;C:\WINDOWS\system32;C:\WINDOWS;C:\WINDOWS\System32\Wbem;C:\WINDOWS\System32\WindowsPowerShell\v1.0\;C:\WINDOWS\System32\OpenSSH\;C:\Program Files (x86)\ffmpeg\bin;C:\Program Files\Microsoft SQL Server\Client SDK\ODBC\170\Tools\Binn\;E:\Python\Anaconda3\_conda.exe;E:\Programs\nodejs\;E:\Python\Python368\Scripts\;E:\Python\Python368\;C:\Users\serpi\AppData\Local\Microsoft\WindowsApps;C:\Program Files\heroku\bin;C:\Users\serpi\AppData\Local\atom\bin;C:\Users\serpi\AppData\Roaming\npm
USERNAME=serpi
OS=Windows_NT
PROCESSOR_IDENTIFIER=Intel64 Family 6 Model 58 Stepping 9, GenuineIntel



---------------  S Y S T E M  ---------------

OS: Windows 10.0 , 64 bit Build 18362 (10.0.18362.329)

CPU:total 4 (initial active 4) (4 cores per cpu, 1 threads per core) family 6 model 58 stepping 9, cmov, cx8, fxsr, mmx, sse, sse2, sse3, ssse3, sse4.1, sse4.2, popcnt, avx, aes, clmul, erms, tsc, tscinvbit, tscinv

Memory: 4k page, physical 8331436k(443992k free), swap 20831104k(2896760k free)

vm_info: Java HotSpot(TM) 64-Bit Server VM (25.181-b13) for windows-amd64 JRE (1.8.0_181-b13), built on Jul  7 2018 04:01:33 by "java_re" with MS VC++ 10.0 (VS2010)

time: Sun Jan 05 12:01:41 2020
elapsed time: 4 seconds (0d 0h 0m 4s)

