#
# A fatal error has been detected by the Java Runtime Environment:
#
#  EXCEPTION_ACCESS_VIOLATION (0xc0000005) at pc=0x000000005c5c93e0, pid=29944, tid=0x0000000000002840
#
# JRE version: Java(TM) SE Runtime Environment (8.0_181-b13) (build 1.8.0_181-b13)
# Java VM: Java HotSpot(TM) 64-Bit Server VM (25.181-b13 mixed mode windows-amd64 compressed oops)
# Problematic frame:
# C  [nvoglv64.dll+0xf293e0]
#
# Failed to write core dump. Minidumps are not enabled by default on client versions of Windows
#
# If you would like to submit a bug report, please visit:
#   http://bugreport.java.com/bugreport/crash.jsp
# The crash happened outside the Java Virtual Machine in native code.
# See problematic frame for where to report the bug.
#

---------------  T H R E A D  ---------------

Current thread (0x00000000030d7000):  JavaThread "main" [_thread_in_native, id=10304, stack(0x0000000002e80000,0x0000000002f80000)]

siginfo: ExceptionCode=0xc0000005, reading address 0x0000000000000000

Registers:
RAX=0x000000001cca1b4c, RBX=0x000000000000000c, RCX=0x000000005c5c93e0, RDX=0x0000000000000000
RSP=0x0000000002f7ed18, RBP=0x0000000000000000, RSI=0x000000001cca1b4c, RDI=0x000000001c32b080
R8 =0x000000000000000c, R9 =0x000000005b6a0000, R10=0x0000000000000000, R11=0x000000001cca1b4c
R12=0x00000000ffffffff, R13=0x0000000023655890, R14=0x0000000000000001, R15=0x0000000000000003
RIP=0x000000005c5c93e0, EFLAGS=0x0000000000010202

Top of Stack: (sp=0x0000000002f7ed18)
0x0000000002f7ed18:   000000005bd539a9 0000000000000000
0x0000000002f7ed28:   00000000031f1b22 0000000000000000
0x0000000002f7ed38:   00000000030d7000 00000000030d7000
0x0000000002f7ed48:   0000000002f7ee20 0000000000000000
0x0000000002f7ed58:   00000000031f1df0 0000000000000000
0x0000000002f7ed68:   0000000023655890 0000000002f7ede8
0x0000000002f7ed78:   0000000000000000 0000000000000000
0x0000000002f7ed88:   0000000023655890 0000000000000000
0x0000000002f7ed98:   00000000030d7000 00000000031f17c2
0x0000000002f7eda8:   0000000002f7eda8 0000000023655890
0x0000000002f7edb8:   0000000002f7ee20 00000000236714f8
0x0000000002f7edc8:   0000000000000000 0000000023655890
0x0000000002f7edd8:   0000000000000000 0000000002f7ee08
0x0000000002f7ede8:   0000000002f7ee68 00000000031d83fd
0x0000000002f7edf8:   00000000d83be568 00000000031e7a58
0x0000000002f7ee08:   0000000000000000 00000000d8f55ff8 

Instructions: (pc=0x000000005c5c93e0)
0x000000005c5c93c0:   4c 8b 02 0f b6 4a 08 4c 89 00 88 48 08 c3 66 90
0x000000005c5c93d0:   4c 8b 02 0f b7 4a 08 4c 89 00 66 89 48 08 c3 90
0x000000005c5c93e0:   4c 8b 02 8b 4a 08 4c 89 00 89 48 08 c3 0f 1f 00
0x000000005c5c93f0:   4c 8b 02 8b 4a 08 44 0f b7 4a 0c 4c 89 00 89 48 


Register to memory mapping:

RAX=0x000000001cca1b4c is an unknown value
RBX=0x000000000000000c is an unknown value
RCX=0x000000005c5c93e0 is an unknown value
RDX=0x0000000000000000 is an unknown value
RSP=0x0000000002f7ed18 is pointing into the stack for thread: 0x00000000030d7000
RBP=0x0000000000000000 is an unknown value
RSI=0x000000001cca1b4c is an unknown value
RDI=0x000000001c32b080 is an unknown value
R8 =0x000000000000000c is an unknown value
R9 =0x000000005b6a0000 is an unknown value
R10=0x0000000000000000 is an unknown value
R11=0x000000001cca1b4c is an unknown value
R12=0x00000000ffffffff is an unallocated location in the heap
R13={method} {0x0000000023655898} 'nglUniform3fv' '(IIJ)V' in 'org/lwjgl/opengl/GL20C'
R14=0x0000000000000001 is an unknown value
R15=0x0000000000000003 is an unknown value


Stack: [0x0000000002e80000,0x0000000002f80000],  sp=0x0000000002f7ed18,  free space=1019k
Native frames: (J=compiled Java code, j=interpreted, Vv=VM code, C=native code)

Java frames: (J=compiled Java code, j=interpreted, Vv=VM code)
j  org.lwjgl.opengl.GL20C.nglUniform3fv(IIJ)V+0
j  org.lwjgl.opengl.GL20C.glUniform3fv(ILjava/nio/FloatBuffer;)V+11
j  org.lwjgl.opengl.GL20.glUniform3fv(ILjava/nio/FloatBuffer;)V+2
j  ru.minebot.lwjgltest.render.Shader.setUniform(Ljava/lang/String;Ljava/lang/Object;)V+360
j  ru.minebot.lwjgltest.render.Material.bindData(Ljava/util/HashMap;)V+43
j  ru.minebot.lwjgltest.render.Material.bindAll(Ljava/util/HashMap;)V+16
j  ru.minebot.lwjgltest.objects.StandartMeshObject.renderTick()V+196
j  ru.minebot.lwjgltest.Scene.renderTick()V+248
j  ru.minebot.lwjgltest.Scene.start()V+36
j  ru.minebot.lwjgltest.Main.main([Ljava/lang/String;)V+87
v  ~StubRoutines::call_stub

---------------  P R O C E S S  ---------------

Java Threads: ( => current thread )
  0x0000000019e2a000 JavaThread "Service Thread" daemon [_thread_blocked, id=15576, stack(0x000000001a5f0000,0x000000001a6f0000)]
  0x0000000019ac9800 JavaThread "C1 CompilerThread2" daemon [_thread_blocked, id=21864, stack(0x0000000019cf0000,0x0000000019df0000)]
  0x0000000019a76000 JavaThread "C2 CompilerThread1" daemon [_thread_blocked, id=26256, stack(0x0000000019bf0000,0x0000000019cf0000)]
  0x0000000019a75000 JavaThread "C2 CompilerThread0" daemon [_thread_blocked, id=28560, stack(0x0000000019af0000,0x0000000019bf0000)]
  0x0000000017daa000 JavaThread "JDWP Command Reader" daemon [_thread_in_native, id=13988, stack(0x00000000195f0000,0x00000000196f0000)]
  0x0000000017da7000 JavaThread "JDWP Event Helper Thread" daemon [_thread_blocked, id=32444, stack(0x00000000194f0000,0x00000000195f0000)]
  0x0000000017d95800 JavaThread "JDWP Transport Listener: dt_socket" daemon [_thread_blocked, id=8972, stack(0x00000000193f0000,0x00000000194f0000)]
  0x0000000017d8e800 JavaThread "Attach Listener" daemon [_thread_blocked, id=16776, stack(0x00000000192f0000,0x00000000193f0000)]
  0x0000000017d8b000 JavaThread "Signal Dispatcher" daemon [_thread_blocked, id=30860, stack(0x00000000191f0000,0x00000000192f0000)]
  0x0000000017d70000 JavaThread "Finalizer" daemon [_thread_blocked, id=18096, stack(0x0000000018fe0000,0x00000000190e0000)]
  0x00000000031c9000 JavaThread "Reference Handler" daemon [_thread_blocked, id=25816, stack(0x0000000018ee0000,0x0000000018fe0000)]
=>0x00000000030d7000 JavaThread "main" [_thread_in_native, id=10304, stack(0x0000000002e80000,0x0000000002f80000)]

Other Threads:
  0x0000000017d48800 VMThread [stack: 0x0000000018de0000,0x0000000018ee0000] [id=31804]
  0x0000000019aea000 WatcherThread [stack: 0x000000001a6f0000,0x000000001a7f0000] [id=29856]

VM state:not at safepoint (normal execution)

VM Mutex/Monitor currently owned by a thread: None

Heap:
 PSYoungGen      total 269312K, used 65838K [0x00000000d5980000, 0x00000000e6a80000, 0x0000000100000000)
  eden space 263680K, 22% used [0x00000000d5980000,0x00000000d944eed0,0x00000000e5b00000)
  from space 5632K, 99% used [0x00000000e6200000,0x00000000e677ccb8,0x00000000e6780000)
  to   space 7168K, 0% used [0x00000000e5b00000,0x00000000e5b00000,0x00000000e6200000)
 ParOldGen       total 87552K, used 4443K [0x0000000080c00000, 0x0000000086180000, 0x00000000d5980000)
  object space 87552K, 5% used [0x0000000080c00000,0x0000000081056e28,0x0000000086180000)
 Metaspace       used 10662K, capacity 10899K, committed 11264K, reserved 1058816K
  class space    used 871K, capacity 947K, committed 1024K, reserved 1048576K

Card table byte_map: [0x0000000012590000,0x0000000012990000] byte_map_base: 0x000000001218a000

Marking Bits: (ParMarkBitMap*) 0x000000005eb02d00
 Begin Bits: [0x0000000013040000, 0x0000000015010000)
 End Bits:   [0x0000000015010000, 0x0000000016fe0000)

Polling page: 0x00000000015f0000

CodeCache: size=245760Kb used=4419Kb max_used=4428Kb free=241340Kb
 bounds [0x00000000031d0000, 0x0000000003630000, 0x00000000121d0000]
 total_blobs=1896 nmethods=977 adapters=840
 compilation: enabled

Compilation events (10 events):
Event: 3.250 Thread 0x0000000019a75000  976   !   4       java.util.zip.Inflater::setInput (74 bytes)
Event: 3.252 Thread 0x0000000019a75000 nmethod 976 0x000000000361e310 code [0x000000000361e460, 0x000000000361e758]
Event: 3.361 Thread 0x0000000019a76000  977       4       de.matthiasmann.twl.utils.PNGDecoder::readChunk (42 bytes)
Event: 3.364 Thread 0x0000000019a76000 nmethod 977 0x000000000361fad0 code [0x000000000361fc40, 0x000000000361ff68]
Event: 3.487 Thread 0x0000000019a75000  978       4       de.matthiasmann.twl.utils.PNGDecoder::readInt (43 bytes)
Event: 3.488 Thread 0x0000000019a75000 nmethod 978 0x000000000361df90 code [0x000000000361e0e0, 0x000000000361e1f8]
Event: 4.401 Thread 0x0000000019a76000  979       4       sun.net.www.ParseUtil::encodePath (336 bytes)
Event: 4.406 Thread 0x0000000019a75000  980       4       jdk.internal.org.objectweb.asm.Item::set (143 bytes)
Event: 4.416 Thread 0x0000000019a76000 nmethod 979 0x0000000003622450 code [0x0000000003622600, 0x0000000003623358]
Event: 4.419 Thread 0x0000000019a75000 nmethod 980 0x0000000003624a90 code [0x0000000003624d40, 0x00000000036258d8]

GC Heap History (10 events):
Event: 1.924 GC heap before
{Heap before GC invocations=4 (full 0):
 PSYoungGen      total 38400K, used 36068K [0x00000000d5980000, 0x00000000da480000, 0x0000000100000000)
  eden space 33280K, 100% used [0x00000000d5980000,0x00000000d7a00000,0x00000000d7a00000)
  from space 5120K, 54% used [0x00000000d7a00000,0x00000000d7cb9060,0x00000000d7f00000)
  to   space 5120K, 0% used [0x00000000d9f80000,0x00000000d9f80000,0x00000000da480000)
 ParOldGen       total 87552K, used 32K [0x0000000080c00000, 0x0000000086180000, 0x00000000d5980000)
  object space 87552K, 0% used [0x0000000080c00000,0x0000000080c08000,0x0000000086180000)
 Metaspace       used 10085K, capacity 10275K, committed 10496K, reserved 1058816K
  class space    used 832K, capacity 909K, committed 1024K, reserved 1048576K
Event: 1.927 GC heap after
Heap after GC invocations=4 (full 0):
 PSYoungGen      total 71680K, used 3083K [0x00000000d5980000, 0x00000000da480000, 0x0000000100000000)
  eden space 66560K, 0% used [0x00000000d5980000,0x00000000d5980000,0x00000000d9a80000)
  from space 5120K, 60% used [0x00000000d9f80000,0x00000000da282e28,0x00000000da480000)
  to   space 5120K, 0% used [0x00000000d9a80000,0x00000000d9a80000,0x00000000d9f80000)
 ParOldGen       total 87552K, used 32K [0x0000000080c00000, 0x0000000086180000, 0x00000000d5980000)
  object space 87552K, 0% used [0x0000000080c00000,0x0000000080c08000,0x0000000086180000)
 Metaspace       used 10085K, capacity 10275K, committed 10496K, reserved 1058816K
  class space    used 832K, capacity 909K, committed 1024K, reserved 1048576K
}
Event: 1.981 GC heap before
{Heap before GC invocations=5 (full 0):
 PSYoungGen      total 71680K, used 69643K [0x00000000d5980000, 0x00000000da480000, 0x0000000100000000)
  eden space 66560K, 100% used [0x00000000d5980000,0x00000000d9a80000,0x00000000d9a80000)
  from space 5120K, 60% used [0x00000000d9f80000,0x00000000da282e28,0x00000000da480000)
  to   space 5120K, 0% used [0x00000000d9a80000,0x00000000d9a80000,0x00000000d9f80000)
 ParOldGen       total 87552K, used 32K [0x0000000080c00000, 0x0000000086180000, 0x00000000d5980000)
  object space 87552K, 0% used [0x0000000080c00000,0x0000000080c08000,0x0000000086180000)
 Metaspace       used 10086K, capacity 10275K, committed 10496K, reserved 1058816K
  class space    used 832K, capacity 909K, committed 1024K, reserved 1048576K
Event: 1.985 GC heap after
Heap after GC invocations=5 (full 0):
 PSYoungGen      total 71680K, used 3940K [0x00000000d5980000, 0x00000000de580000, 0x0000000100000000)
  eden space 66560K, 0% used [0x00000000d5980000,0x00000000d5980000,0x00000000d9a80000)
  from space 5120K, 76% used [0x00000000d9a80000,0x00000000d9e59118,0x00000000d9f80000)
  to   space 5120K, 0% used [0x00000000de080000,0x00000000de080000,0x00000000de580000)
 ParOldGen       total 87552K, used 40K [0x0000000080c00000, 0x0000000086180000, 0x00000000d5980000)
  object space 87552K, 0% used [0x0000000080c00000,0x0000000080c0a000,0x0000000086180000)
 Metaspace       used 10086K, capacity 10275K, committed 10496K, reserved 1058816K
  class space    used 832K, capacity 909K, committed 1024K, reserved 1048576K
}
Event: 2.018 GC heap before
{Heap before GC invocations=6 (full 0):
 PSYoungGen      total 71680K, used 70500K [0x00000000d5980000, 0x00000000de580000, 0x0000000100000000)
  eden space 66560K, 100% used [0x00000000d5980000,0x00000000d9a80000,0x00000000d9a80000)
  from space 5120K, 76% used [0x00000000d9a80000,0x00000000d9e59118,0x00000000d9f80000)
  to   space 5120K, 0% used [0x00000000de080000,0x00000000de080000,0x00000000de580000)
 ParOldGen       total 87552K, used 40K [0x0000000080c00000, 0x0000000086180000, 0x00000000d5980000)
  object space 87552K, 0% used [0x0000000080c00000,0x0000000080c0a000,0x0000000086180000)
 Metaspace       used 10096K, capacity 10275K, committed 10496K, reserved 1058816K
  class space    used 832K, capacity 909K, committed 1024K, reserved 1048576K
Event: 2.022 GC heap after
Heap after GC invocations=6 (full 0):
 PSYoungGen      total 137728K, used 4644K [0x00000000d5980000, 0x00000000de680000, 0x0000000100000000)
  eden space 132608K, 0% used [0x00000000d5980000,0x00000000d5980000,0x00000000ddb00000)
  from space 5120K, 90% used [0x00000000de080000,0x00000000de5091a0,0x00000000de580000)
  to   space 5632K, 0% used [0x00000000ddb00000,0x00000000ddb00000,0x00000000de080000)
 ParOldGen       total 87552K, used 40K [0x0000000080c00000, 0x0000000086180000, 0x00000000d5980000)
  object space 87552K, 0% used [0x0000000080c00000,0x0000000080c0a000,0x0000000086180000)
 Metaspace       used 10096K, capacity 10275K, committed 10496K, reserved 1058816K
  class space    used 832K, capacity 909K, committed 1024K, reserved 1048576K
}
Event: 2.114 GC heap before
{Heap before GC invocations=7 (full 0):
 PSYoungGen      total 137728K, used 137252K [0x00000000d5980000, 0x00000000de680000, 0x0000000100000000)
  eden space 132608K, 100% used [0x00000000d5980000,0x00000000ddb00000,0x00000000ddb00000)
  from space 5120K, 90% used [0x00000000de080000,0x00000000de5091a0,0x00000000de580000)
  to   space 5632K, 0% used [0x00000000ddb00000,0x00000000ddb00000,0x00000000de080000)
 ParOldGen       total 87552K, used 40K [0x0000000080c00000, 0x0000000086180000, 0x00000000d5980000)
  object space 87552K, 0% used [0x0000000080c00000,0x0000000080c0a000,0x0000000086180000)
 Metaspace       used 10100K, capacity 10275K, committed 10496K, reserved 1058816K
  class space    used 832K, capacity 909K, committed 1024K, reserved 1048576K
Event: 2.122 GC heap after
Heap after GC invocations=7 (full 0):
 PSYoungGen      total 138240K, used 4705K [0x00000000d5980000, 0x00000000e6780000, 0x0000000100000000)
  eden space 132608K, 0% used [0x00000000d5980000,0x00000000d5980000,0x00000000ddb00000)
  from space 5632K, 83% used [0x00000000ddb00000,0x00000000ddf984f0,0x00000000de080000)
  to   space 5632K, 0% used [0x00000000e6200000,0x00000000e6200000,0x00000000e6780000)
 ParOldGen       total 87552K, used 2464K [0x0000000080c00000, 0x0000000086180000, 0x00000000d5980000)
  object space 87552K, 2% used [0x0000000080c00000,0x0000000080e68010,0x0000000086180000)
 Metaspace       used 10100K, capacity 10275K, committed 10496K, reserved 1058816K
  class space    used 832K, capacity 909K, committed 1024K, reserved 1048576K
}
Event: 2.197 GC heap before
{Heap before GC invocations=8 (full 0):
 PSYoungGen      total 138240K, used 137313K [0x00000000d5980000, 0x00000000e6780000, 0x0000000100000000)
  eden space 132608K, 100% used [0x00000000d5980000,0x00000000ddb00000,0x00000000ddb00000)
  from space 5632K, 83% used [0x00000000ddb00000,0x00000000ddf984f0,0x00000000de080000)
  to   space 5632K, 0% used [0x00000000e6200000,0x00000000e6200000,0x00000000e6780000)
 ParOldGen       total 87552K, used 2464K [0x0000000080c00000, 0x0000000086180000, 0x00000000d5980000)
  object space 87552K, 2% used [0x0000000080c00000,0x0000000080e68010,0x0000000086180000)
 Metaspace       used 10100K, capacity 10275K, committed 10496K, reserved 1058816K
  class space    used 832K, capacity 909K, committed 1024K, reserved 1048576K
Event: 2.204 GC heap after
Heap after GC invocations=8 (full 0):
 PSYoungGen      total 269312K, used 5619K [0x00000000d5980000, 0x00000000e6a80000, 0x0000000100000000)
  eden space 263680K, 0% used [0x00000000d5980000,0x00000000d5980000,0x00000000e5b00000)
  from space 5632K, 99% used [0x00000000e6200000,0x00000000e677ccb8,0x00000000e6780000)
  to   space 7168K, 0% used [0x00000000e5b00000,0x00000000e5b00000,0x00000000e6200000)
 ParOldGen       total 87552K, used 4443K [0x0000000080c00000, 0x0000000086180000, 0x00000000d5980000)
  object space 87552K, 5% used [0x0000000080c00000,0x0000000081056e28,0x0000000086180000)
 Metaspace       used 10100K, capacity 10275K, committed 10496K, reserved 1058816K
  class space    used 832K, capacity 909K, committed 1024K, reserved 1048576K
}

Deoptimization events (10 events):
Event: 1.910 Thread 0x00000000030d7000 Uncommon trap: reason=class_check action=maybe_recompile pc=0x000000000352d184 method=sun.misc.FloatingDecimal.parseFloat(Ljava/lang/String;)F @ 4
Event: 2.003 Thread 0x00000000030d7000 Uncommon trap: reason=unstable_if action=reinterpret pc=0x000000000352e600 method=sun.misc.FloatingDecimal$ASCIIToBinaryBuffer.floatValue()F @ 70
Event: 2.216 Thread 0x00000000030d7000 Uncommon trap: reason=unstable_if action=reinterpret pc=0x00000000035897c8 method=java.util.Scanner.findPatternInBuffer(Ljava/util/regex/Pattern;I)Ljava/lang/String; @ 152
Event: 2.216 Thread 0x00000000030d7000 Uncommon trap: reason=unstable_if action=reinterpret pc=0x0000000003591c0c method=java.util.Scanner.hasNextLine()Z @ 14
Event: 2.233 Thread 0x00000000030d7000 Uncommon trap: reason=unstable_if action=reinterpret pc=0x0000000003502a74 method=java.util.regex.Pattern$Dot.isSatisfiedBy(I)Z @ 9
Event: 2.233 Thread 0x00000000030d7000 Uncommon trap: reason=unstable_if action=reinterpret pc=0x0000000003558a18 method=java.util.regex.Pattern$Slice.match(Ljava/util/regex/Matcher;ILjava/lang/CharSequence;)Z @ 54
Event: 2.233 Thread 0x00000000030d7000 Uncommon trap: reason=unstable_if action=reinterpret pc=0x000000000357202c method=sun.misc.FloatingDecimal.readJavaFormatString(Ljava/lang/String;)Lsun/misc/FloatingDecimal$ASCIIToBinaryConverter; @ 445
Event: 2.233 Thread 0x00000000030d7000 Uncommon trap: reason=unstable_if action=reinterpret pc=0x00000000034f59bc method=java.util.regex.Pattern$Dot.isSatisfiedBy(I)Z @ 9
Event: 2.233 Thread 0x00000000030d7000 Uncommon trap: reason=unstable_if action=reinterpret pc=0x0000000003582884 method=java.util.Scanner.findPatternInBuffer(Ljava/util/regex/Pattern;I)Ljava/lang/String; @ 88
Event: 2.234 Thread 0x00000000030d7000 Uncommon trap: reason=unstable_if action=reinterpret pc=0x000000000357b974 method=java.util.regex.Matcher.group(I)Ljava/lang/String; @ 65

Classes redefined (0 events):
No events

Internal exceptions (10 events):
Event: 0.536 Thread 0x00000000030d7000 Exception <a 'sun/nio/fs/WindowsException'> (0x00000000d651dec0) thrown at [C:\re\workspace\8-2-build-windows-amd64-cygwin\jdk8u181\11358\hotspot\src\share\vm\prims\jni.cpp, line 709]
Event: 0.584 Thread 0x00000000030d7000 Exception <a 'sun/nio/fs/WindowsException'> (0x00000000d66a4180) thrown at [C:\re\workspace\8-2-build-windows-amd64-cygwin\jdk8u181\11358\hotspot\src\share\vm\prims\jni.cpp, line 709]
Event: 0.584 Thread 0x00000000030d7000 Exception <a 'sun/nio/fs/WindowsException'> (0x00000000d66a48b0) thrown at [C:\re\workspace\8-2-build-windows-amd64-cygwin\jdk8u181\11358\hotspot\src\share\vm\prims\jni.cpp, line 709]
Event: 0.605 Thread 0x00000000030d7000 Exception <a 'sun/nio/fs/WindowsException'> (0x00000000d6789d00) thrown at [C:\re\workspace\8-2-build-windows-amd64-cygwin\jdk8u181\11358\hotspot\src\share\vm\prims\jni.cpp, line 709]
Event: 0.605 Thread 0x00000000030d7000 Exception <a 'sun/nio/fs/WindowsException'> (0x00000000d678a3e0) thrown at [C:\re\workspace\8-2-build-windows-amd64-cygwin\jdk8u181\11358\hotspot\src\share\vm\prims\jni.cpp, line 709]
Event: 1.196 Thread 0x00000000030d7000 Exception <a 'sun/nio/fs/WindowsException'> (0x00000000d68375a8) thrown at [C:\re\workspace\8-2-build-windows-amd64-cygwin\jdk8u181\11358\hotspot\src\share\vm\prims\jni.cpp, line 709]
Event: 1.196 Thread 0x00000000030d7000 Exception <a 'sun/nio/fs/WindowsException'> (0x00000000d6837ce8) thrown at [C:\re\workspace\8-2-build-windows-amd64-cygwin\jdk8u181\11358\hotspot\src\share\vm\prims\jni.cpp, line 709]
Event: 1.199 Thread 0x00000000030d7000 Exception <a 'sun/nio/fs/WindowsException'> (0x00000000d6849c58) thrown at [C:\re\workspace\8-2-build-windows-amd64-cygwin\jdk8u181\11358\hotspot\src\share\vm\prims\jni.cpp, line 709]
Event: 1.199 Thread 0x00000000030d7000 Exception <a 'sun/nio/fs/WindowsException'> (0x00000000d684a250) thrown at [C:\re\workspace\8-2-build-windows-amd64-cygwin\jdk8u181\11358\hotspot\src\share\vm\prims\jni.cpp, line 709]
Event: 1.753 Thread 0x00000000030d7000 Exception <a 'java/lang/NullPointerException'> (0x00000000d766b940) thrown at [C:\re\workspace\8-2-build-windows-amd64-cygwin\jdk8u181\11358\hotspot\src\share\vm\prims\jni.cpp, line 735]

Events (10 events):
Event: 4.412 Executing VM operation: RevokeBias
Event: 4.412 Executing VM operation: RevokeBias done
Event: 4.412 Thread 0x00000000030d7000 DEOPT PACKING pc=0x0000000003324e1c sp=0x0000000002f7db90
Event: 4.412 Thread 0x00000000030d7000 DEOPT UNPACKING pc=0x0000000003217890 sp=0x0000000002f7d9b0 mode 1
Event: 4.412 Executing VM operation: RevokeBias
Event: 4.412 Executing VM operation: RevokeBias done
Event: 4.412 Thread 0x00000000030d7000 DEOPT PACKING pc=0x0000000003324bb4 sp=0x0000000002f7dd20
Event: 4.412 Thread 0x00000000030d7000 DEOPT UNPACKING pc=0x0000000003217890 sp=0x0000000002f7db40 mode 1
Event: 4.413 loading class java/nio/HeapFloatBuffer
Event: 4.413 loading class java/nio/HeapFloatBuffer done


Dynamic libraries:
0x00007ff779da0000 - 0x00007ff779dd7000 	C:\Program Files\Java\jdk1.8.0_181\bin\java.exe
0x00007ff8505c0000 - 0x00007ff8507b0000 	C:\WINDOWS\SYSTEM32\ntdll.dll
0x00007ff84ec20000 - 0x00007ff84ecd2000 	C:\WINDOWS\System32\KERNEL32.DLL
0x00007ff84d820000 - 0x00007ff84dac3000 	C:\WINDOWS\System32\KERNELBASE.dll
0x00007ff84f640000 - 0x00007ff84f6e3000 	C:\WINDOWS\System32\ADVAPI32.dll
0x00007ff84eb80000 - 0x00007ff84ec1e000 	C:\WINDOWS\System32\msvcrt.dll
0x00007ff84eae0000 - 0x00007ff84eb77000 	C:\WINDOWS\System32\sechost.dll
0x00007ff850000000 - 0x00007ff850120000 	C:\WINDOWS\System32\RPCRT4.dll
0x00007ff84f760000 - 0x00007ff84f8f4000 	C:\WINDOWS\System32\USER32.dll
0x00007ff84d7a0000 - 0x00007ff84d7c1000 	C:\WINDOWS\System32\win32u.dll
0x00007ff850390000 - 0x00007ff8503b6000 	C:\WINDOWS\System32\GDI32.dll
0x00007ff84d600000 - 0x00007ff84d794000 	C:\WINDOWS\System32\gdi32full.dll
0x00007ff84e270000 - 0x00007ff84e30e000 	C:\WINDOWS\System32\msvcp_win.dll
0x00007ff84e310000 - 0x00007ff84e40a000 	C:\WINDOWS\System32\ucrtbase.dll
0x00007ff841b80000 - 0x00007ff841e05000 	C:\WINDOWS\WinSxS\amd64_microsoft.windows.common-controls_6595b64144ccf1df_6.0.18362.535_none_e6c3b34713100821\COMCTL32.dll
0x00007ff84f0c0000 - 0x00007ff84f3f6000 	C:\WINDOWS\System32\combase.dll
0x00007ff84e410000 - 0x00007ff84e490000 	C:\WINDOWS\System32\bcryptPrimitives.dll
0x00007ff850470000 - 0x00007ff85049e000 	C:\WINDOWS\System32\IMM32.DLL
0x000000005ddd0000 - 0x000000005dea2000 	C:\Program Files\Java\jdk1.8.0_181\jre\bin\msvcr100.dll
0x000000005e2e0000 - 0x000000005eb82000 	C:\Program Files\Java\jdk1.8.0_181\jre\bin\server\jvm.dll
0x00007ff850550000 - 0x00007ff850558000 	C:\WINDOWS\System32\PSAPI.DLL
0x00007ff84b610000 - 0x00007ff84b619000 	C:\WINDOWS\SYSTEM32\WSOCK32.dll
0x00007ff84f6f0000 - 0x00007ff84f75f000 	C:\WINDOWS\System32\WS2_32.dll
0x00007ff84b500000 - 0x00007ff84b524000 	C:\WINDOWS\SYSTEM32\WINMM.dll
0x00007ff848120000 - 0x00007ff84812a000 	C:\WINDOWS\SYSTEM32\VERSION.dll
0x00007ff84b3d0000 - 0x00007ff84b3fd000 	C:\WINDOWS\SYSTEM32\WINMMBASE.dll
0x00007ff84d7d0000 - 0x00007ff84d81a000 	C:\WINDOWS\System32\cfgmgr32.dll
0x000000005e1f0000 - 0x000000005e1ff000 	C:\Program Files\Java\jdk1.8.0_181\jre\bin\verify.dll
0x000000005e1c0000 - 0x000000005e1e9000 	C:\Program Files\Java\jdk1.8.0_181\jre\bin\java.dll
0x000000005dd30000 - 0x000000005dd65000 	C:\Program Files\Java\jdk1.8.0_181\jre\bin\jdwp.dll
0x000000005dd20000 - 0x000000005dd28000 	C:\Program Files\Java\jdk1.8.0_181\jre\bin\npt.dll
0x000000005dcf0000 - 0x000000005dd13000 	C:\Program Files\Java\jdk1.8.0_181\jre\bin\instrument.dll
0x000000005e1a0000 - 0x000000005e1b6000 	C:\Program Files\Java\jdk1.8.0_181\jre\bin\zip.dll
0x00007ff84f900000 - 0x00007ff84ffe5000 	C:\WINDOWS\System32\SHELL32.dll
0x00007ff8503c0000 - 0x00007ff850469000 	C:\WINDOWS\System32\shcore.dll
0x00007ff84daf0000 - 0x00007ff84e26f000 	C:\WINDOWS\System32\windows.storage.dll
0x00007ff84d530000 - 0x00007ff84d54f000 	C:\WINDOWS\System32\profapi.dll
0x00007ff84d4e0000 - 0x00007ff84d52a000 	C:\WINDOWS\System32\powrprof.dll
0x00007ff84d490000 - 0x00007ff84d4a0000 	C:\WINDOWS\System32\UMPDC.dll
0x00007ff84ece0000 - 0x00007ff84ed32000 	C:\WINDOWS\System32\shlwapi.dll
0x00007ff84d4a0000 - 0x00007ff84d4b1000 	C:\WINDOWS\System32\kernel.appcore.dll
0x00007ff84dad0000 - 0x00007ff84dae7000 	C:\WINDOWS\System32\cryptsp.dll
0x000000005dce0000 - 0x000000005dce9000 	C:\Program Files\Java\jdk1.8.0_181\jre\bin\dt_socket.dll
0x00007ff84cd00000 - 0x00007ff84cd67000 	C:\WINDOWS\system32\mswsock.dll
0x000000005e150000 - 0x000000005e16a000 	C:\Program Files\Java\jdk1.8.0_181\jre\bin\net.dll
0x000000005e130000 - 0x000000005e141000 	C:\Program Files\Java\jdk1.8.0_181\jre\bin\nio.dll
0x00007ff8274e0000 - 0x00007ff827544000 	C:\Users\serpi\AppData\Local\Temp\lwjglserpi\3.2.3-build-13\lwjgl.dll
0x00007ffff0570000 - 0x00007ffff07c3000 	C:\Users\serpi\AppData\Local\Temp\lwjglserpi\3.2.3-build-13\jemalloc.dll
0x00007ff8135a0000 - 0x00007ff813602000 	C:\Users\serpi\AppData\Local\Temp\lwjglserpi\3.2.3-build-13\glfw.dll
0x00007ff84b460000 - 0x00007ff84b4f9000 	C:\WINDOWS\system32\uxtheme.dll
0x00007ff830d80000 - 0x00007ff830dc3000 	C:\WINDOWS\SYSTEM32\dinput8.dll
0x00007ff841e20000 - 0x00007ff841e31000 	C:\WINDOWS\SYSTEM32\xinput1_4.dll
0x00007ff84d290000 - 0x00007ff84d2ba000 	C:\WINDOWS\SYSTEM32\DEVOBJ.dll
0x00007ff84bd40000 - 0x00007ff84bd6d000 	C:\WINDOWS\SYSTEM32\dwmapi.dll
0x00007ff843040000 - 0x00007ff84315a000 	C:\WINDOWS\SYSTEM32\inputhost.dll
0x00007ff84af80000 - 0x00007ff84b054000 	C:\WINDOWS\SYSTEM32\CoreMessaging.dll
0x00007ff848ac0000 - 0x00007ff848dea000 	C:\WINDOWS\SYSTEM32\CoreUIComponents.dll
0x00007ff849d10000 - 0x00007ff849dff000 	C:\WINDOWS\SYSTEM32\PROPSYS.dll
0x00007ff84f560000 - 0x00007ff84f624000 	C:\WINDOWS\System32\OLEAUT32.dll
0x00007ff848760000 - 0x00007ff8488b3000 	C:\WINDOWS\SYSTEM32\wintypes.dll
0x00007ff84c4f0000 - 0x00007ff84c521000 	C:\WINDOWS\SYSTEM32\ntmarta.dll
0x00007ff850250000 - 0x00007ff850385000 	C:\WINDOWS\System32\MSCTF.dll
0x00007ff84c0a0000 - 0x00007ff84c0ae000 	C:\WINDOWS\SYSTEM32\HID.DLL
0x00007ff84e670000 - 0x00007ff84eae0000 	C:\WINDOWS\System32\SETUPAPI.DLL
0x00007ff84e640000 - 0x00007ff84e666000 	C:\WINDOWS\System32\bcrypt.dll
0x00007ff84e5e0000 - 0x00007ff84e63c000 	C:\WINDOWS\System32\WINTRUST.dll
0x00007ff84d4c0000 - 0x00007ff84d4d2000 	C:\WINDOWS\System32\MSASN1.dll
0x00007ff84e490000 - 0x00007ff84e5d9000 	C:\WINDOWS\System32\CRYPT32.dll
0x00007ffff3e40000 - 0x00007ffff3f96000 	C:\WINDOWS\SYSTEM32\opengl32.dll
0x00007ff845150000 - 0x00007ff84517c000 	C:\WINDOWS\SYSTEM32\GLU32.dll
0x00007ff84c100000 - 0x00007ff84c120000 	C:\WINDOWS\SYSTEM32\dxcore.dll
0x000000005b6a0000 - 0x000000005dcd9000 	C:\WINDOWS\System32\DriverStore\FileRepository\nv_dispi.inf_amd64_827405c7c65146ab\nvoglv64.dll
0x00007ff84f400000 - 0x00007ff84f556000 	C:\WINDOWS\System32\ole32.dll
0x00007ff849fa0000 - 0x00007ff849fb3000 	C:\WINDOWS\SYSTEM32\WTSAPI32.dll
0x00007ff81ed60000 - 0x00007ff81f022000 	C:\WINDOWS\system32\nvspcap64.dll
0x00007ff84c980000 - 0x00007ff84c9dc000 	C:\WINDOWS\SYSTEM32\WINSTA.dll
0x00007ff8452d0000 - 0x00007ff84536e000 	C:\WINDOWS\System32\TextInputFramework.dll
0x00007ff842290000 - 0x00007ff842536000 	C:\WINDOWS\System32\iertutil.dll
0x00007ff82c370000 - 0x00007ff82c3c9000 	C:\Users\serpi\AppData\Local\Temp\lwjglserpi\3.2.3-build-13\lwjgl_opengl.dll
0x00007ff8330a0000 - 0x00007ff833294000 	C:\WINDOWS\SYSTEM32\dbghelp.dll

VM Arguments:
jvm_args: -agentlib:jdwp=transport=dt_socket,address=127.0.0.1:54826,suspend=y,server=n -javaagent:C:\Users\serpi\AppData\Local\JetBrains\Toolbox\apps\IDEA-U\ch-0\192.6817.14\plugins\java\lib\rt\debugger-agent.jar -Dfile.encoding=UTF-8 
java_command: ru.minebot.lwjgltest.Main
java_class_path (initial): C:\Program Files\Java\jdk1.8.0_181\jre\lib\charsets.jar;C:\Program Files\Java\jdk1.8.0_181\jre\lib\deploy.jar;C:\Program Files\Java\jdk1.8.0_181\jre\lib\ext\access-bridge-64.jar;C:\Program Files\Java\jdk1.8.0_181\jre\lib\ext\cldrdata.jar;C:\Program Files\Java\jdk1.8.0_181\jre\lib\ext\dnsns.jar;C:\Program Files\Java\jdk1.8.0_181\jre\lib\ext\jaccess.jar;C:\Program Files\Java\jdk1.8.0_181\jre\lib\ext\jfxrt.jar;C:\Program Files\Java\jdk1.8.0_181\jre\lib\ext\localedata.jar;C:\Program Files\Java\jdk1.8.0_181\jre\lib\ext\nashorn.jar;C:\Program Files\Java\jdk1.8.0_181\jre\lib\ext\sunec.jar;C:\Program Files\Java\jdk1.8.0_181\jre\lib\ext\sunjce_provider.jar;C:\Program Files\Java\jdk1.8.0_181\jre\lib\ext\sunmscapi.jar;C:\Program Files\Java\jdk1.8.0_181\jre\lib\ext\sunpkcs11.jar;C:\Program Files\Java\jdk1.8.0_181\jre\lib\ext\zipfs.jar;C:\Program Files\Java\jdk1.8.0_181\jre\lib\javaws.jar;C:\Program Files\Java\jdk1.8.0_181\jre\lib\jce.jar;C:\Program Files\Java\jdk1.8.0_181\jre\lib\jfr.jar;C:\Program Files\Java\jdk1.8.0_181\jre\lib\jfxswt.jar;C:\Program Files\Java\jdk1.8.0_181\jre\lib\jsse.jar;C:\Program Files\Java\jdk1.8.0_181\jre\lib\management-agent.jar;C:\Program Files\Java\jdk1.8.0_181\jre\lib\plugin.jar;C:\Program Files\Java\jdk1.8.0_181\jre\lib\resources.jar;C:\Program Files\Java\jdk1.8.0_181\jre\lib\rt.jar;C:\Users\serpi\Documents\Java Projects\LWJGLTest\target\classes;C:\Users\serpi\.m2\repository\junit\junit\4.12\junit-4.12.jar;C:\Users\serpi\.m2\repository\org\hamcrest\hamcrest-core\1.3\hamcrest-core-1.3.jar;C:\Users\serpi\.m2\repository\org\l33tlabs\twl\pngdecoder\1.0\pngdecoder-1.0.jar;C:\Users\serpi\.m2\repository\com\hackoeur\jglm\1.0.0\jglm-1.0.0.jar;C:\Users\serpi\.m2\repository\org\lwjgl\lwjgl\3.2.3\lwjgl-3.2.3.jar;C:\Users\serpi\.m2\repository\org\lwjgl\lwjgl-assimp\3.2.3\lwjgl-assimp-3.2.3.jar;C:\Users\serpi\.m2\repository\org\lwjgl\lwjgl-bgfx\3.2.3\lwjgl-bgfx-3.2.3.jar;C:\Users\serpi\.m2\repository\org\lwjgl\lwjgl-cuda\3.2.3\lwjgl
Launcher Type: SUN_STANDARD

Environment Variables:
JAVA_HOME=C:\Program Files\Java\jdk1.8.0_181
PATH=C:\Program Files\NVIDIA GPU Computing Toolkit\CUDA\v10.0\bin;C:\Program Files\NVIDIA GPU Computing Toolkit\CUDA\v10.0\libnvvp;C:\Program Files (x86)\Common Files\Oracle\Java\javapath;C:\Windows\system32;C:\Windows;C:\Windows\System32\Wbem;C:\Windows\System32\WindowsPowerShell\v1.0\;C:\Windows\System32\OpenSSH\;C:\Program Files\dotnet\;C:\Program Files\Microsoft SQL Server\130\Tools\Binn\;C:\Program Files\Git\cmd;C:\Program Files (x86)\NVIDIA Corporation\PhysX\Common;C:\Program Files\NVIDIA Corporation\NVIDIA NvDLISR;C:\Windows\System32\cmd.exe;C:\Program Files\PuTTY\;C:\Program Files (x86)\Maven\bin;C:\Program Files (x86)\Microsoft Visual Studio 14.0\Common7\Tools;C:\Program Files\CMake\bin;C:\msys64\mingw64\bin;C:\Program Files (x86)\Windows Kits\10\Windows Performance Toolkit\;C:\Program Files\NVIDIA GPU Computing Toolkit\CUDA\v8.0;C:\Program Files\NVIDIA GPU Computing Toolkit\CUDA\v8.0\bin;C:\WINDOWS\system32;C:\WINDOWS;C:\WINDOWS\System32\Wbem;C:\WINDOWS\System32\WindowsPowerShell\v1.0\;C:\WINDOWS\System32\OpenSSH\;C:\Program Files (x86)\ffmpeg\bin;C:\Program Files\Microsoft SQL Server\Client SDK\ODBC\170\Tools\Binn\;E:\Python\Anaconda3\_conda.exe;E:\Programs\nodejs\;E:\Python\Python368\Scripts\;E:\Python\Python368\;C:\Users\serpi\AppData\Local\Microsoft\WindowsApps;C:\Program Files\heroku\bin;C:\Users\serpi\AppData\Local\atom\bin;C:\Users\serpi\AppData\Roaming\npm
USERNAME=serpi
OS=Windows_NT
PROCESSOR_IDENTIFIER=Intel64 Family 6 Model 58 Stepping 9, GenuineIntel



---------------  S Y S T E M  ---------------

OS: Windows 10.0 , 64 bit Build 18362 (10.0.18362.329)

CPU:total 4 (initial active 4) (4 cores per cpu, 1 threads per core) family 6 model 58 stepping 9, cmov, cx8, fxsr, mmx, sse, sse2, sse3, ssse3, sse4.1, sse4.2, popcnt, avx, aes, clmul, erms, tsc, tscinvbit, tscinv

Memory: 4k page, physical 8331436k(453236k free), swap 20831104k(2432912k free)

vm_info: Java HotSpot(TM) 64-Bit Server VM (25.181-b13) for windows-amd64 JRE (1.8.0_181-b13), built on Jul  7 2018 04:01:33 by "java_re" with MS VC++ 10.0 (VS2010)

time: Sun Jan 05 12:07:03 2020
elapsed time: 4 seconds (0d 0h 0m 4s)

